Todos Resource - Application xml , application json
Todos Resource - Application xml , application json
Todos Resource - Application xml , application json
Todos Resource - gettodo
------------------------Todo Resource -----------------------
Todo Resource - PUT - applicationxml , Applicationjson
Todos Resource - Application xml , application json
Todos Resource - gettodo
------------------------Todo Resource -----------------------
Todo Resource - PUT - applicationxml , Applicationjson
Todo Resource - putandgetresponse
Todos Resource - gettodo
------------------------Todo Resource -----------------------
Todo Resource - PUT - applicationxml , Applicationjson
Todo Resource - putandgetresponse
Todos Resource - Application xml , application json
Todos Resource - Application xml , application json
Todos Resource - Application xml , application json
Todos Resource - Application xml , application json
Todos Resource - Application xml , application json
Todos Resource - Application xml , application json
Todos Resource - Application xml , application json
Todos Resource - Application xml , application json
Todos Resource - Application xml , application json
Todos Resource - gettodo
------------------------Todo Resource -----------------------
Todo Resource - PUT - applicationxml , Applicationjson
Todo Resource - putandgetresponse
